2018-06-04 12:05:10,545 INFO o.a.j.u.JMeterUtils: Setting Locale to en_EN
2018-06-04 12:05:10,554 INFO o.a.j.JMeter: Loading user properties from: /home/wso2/pasindu/apache-jmeter-4.0/bin/user.properties
2018-06-04 12:05:10,555 INFO o.a.j.JMeter: Loading system properties from: /home/wso2/pasindu/apache-jmeter-4.0/bin/system.properties
2018-06-04 12:05:10,560 INFO o.a.j.JMeter: Copyright (c) 1998-2018 The Apache Software Foundation
2018-06-04 12:05:10,560 INFO o.a.j.JMeter: Version 4.0 r1823414
2018-06-04 12:05:10,560 INFO o.a.j.JMeter: java.version=1.8.0_162
2018-06-04 12:05:10,560 INFO o.a.j.JMeter: java.vm.name=Java HotSpot(TM) 64-Bit Server VM
2018-06-04 12:05:10,560 INFO o.a.j.JMeter: os.name=Linux
2018-06-04 12:05:10,560 INFO o.a.j.JMeter: os.arch=amd64
2018-06-04 12:05:10,560 INFO o.a.j.JMeter: os.version=4.13.0-36-generic
2018-06-04 12:05:10,560 INFO o.a.j.JMeter: file.encoding=ANSI_X3.4-1968
2018-06-04 12:05:10,560 INFO o.a.j.JMeter: Max memory     =1073741824
2018-06-04 12:05:10,560 INFO o.a.j.JMeter: Available Processors =8
2018-06-04 12:05:10,563 INFO o.a.j.JMeter: Default Locale=English (EN)
2018-06-04 12:05:10,563 INFO o.a.j.JMeter: JMeter  Locale=English (EN)
2018-06-04 12:05:10,563 INFO o.a.j.JMeter: JMeterHome=/home/wso2/pasindu/apache-jmeter-4.0
2018-06-04 12:05:10,563 INFO o.a.j.JMeter: user.dir  =/home/wso2/pasindu/apache-jmeter-4.0/bin/Jmeter-Split
2018-06-04 12:05:10,563 INFO o.a.j.JMeter: PWD       =/home/wso2/pasindu/apache-jmeter-4.0/bin/Jmeter-Split
2018-06-04 12:05:10,564 INFO o.a.j.JMeter: IP: 192.168.32.6 Name: ubuntu FullName: ubuntu
2018-06-04 12:05:10,565 INFO o.a.j.JMeter: Setting property 'jmeter.reportgenerator.outputdir' to:'/home/wso2/pasindu/apache-jmeter-4.0/bin/dashboards/18000_seconds'
2018-06-04 12:05:10,568 INFO o.a.j.r.d.ReportGenerator: ReportGenerator will use for Parsing the separator: ','
2018-06-04 12:05:10,568 INFO o.a.j.r.d.ReportGenerator: Will only generate report from results file: /home/wso2/pasindu/apache-jmeter-4.0/bin/results/18000_seconds/results-measurement.jtl
2018-06-04 12:05:10,568 INFO o.a.j.r.d.ReportGenerator: Reading report generator properties from: /home/wso2/pasindu/apache-jmeter-4.0/bin/reportgenerator.properties
2018-06-04 12:05:10,569 INFO o.a.j.r.d.ReportGenerator: Merging with JMeter properties
2018-06-04 12:05:10,573 INFO o.a.j.r.c.ReportGeneratorConfiguration: Property 'jmeter.reportgenerator.temp_dir' not found, using default value 'temp' instead.
2018-06-04 12:05:10,574 INFO o.a.j.r.c.ReportGeneratorConfiguration: Property 'jmeter.reportgenerator.apdex_per_transaction' not found, using default value 'null' instead.
2018-06-04 12:05:10,577 INFO o.a.j.r.c.ReportGeneratorConfiguration: apdex_per_transaction : {} is empty, not APDEX per transaction customization
2018-06-04 12:05:10,577 INFO o.a.j.r.c.ReportGeneratorConfiguration: Property 'jmeter.reportgenerator.sample_filter' not found, using default value 'null' instead.
2018-06-04 12:05:10,577 INFO o.a.j.r.c.ReportGeneratorConfiguration: Property 'jmeter.reportgenerator.report_title' not found, using default value 'null' instead.
2018-06-04 12:05:10,577 INFO o.a.j.r.c.ReportGeneratorConfiguration: Property 'jmeter.reportgenerator.start_date' not found, using default value 'null' instead.
2018-06-04 12:05:10,577 INFO o.a.j.r.c.ReportGeneratorConfiguration: Property 'jmeter.reportgenerator.end_date' not found, using default value 'null' instead.
2018-06-04 12:05:10,577 INFO o.a.j.r.c.ReportGeneratorConfiguration: Property 'jmeter.reportgenerator.date_format' not found, using default value 'null' instead.
2018-06-04 12:05:10,578 INFO o.a.j.r.c.ReportGeneratorConfiguration: Will use date range start date: null, end date: null
2018-06-04 12:05:10,581 INFO o.a.j.r.c.ReportGeneratorConfiguration: Property 'jmeter.reportgenerator.graph.activeThreadsOverTime.exclude_controllers' not found, using default value 'false' instead.
2018-06-04 12:05:10,581 INFO o.a.j.r.c.ReportGeneratorConfiguration: Property 'jmeter.reportgenerator.graph.timeVsThreads.exclude_controllers' not found, using default value 'false' instead.
2018-06-04 12:05:10,582 INFO o.a.j.r.c.ReportGeneratorConfiguration: Property 'jmeter.reportgenerator.graph.responseTimeDistribution.exclude_controllers' not found, using default value 'false' instead.
2018-06-04 12:05:10,582 INFO o.a.j.r.c.ReportGeneratorConfiguration: Property 'jmeter.reportgenerator.graph.transactionsPerSecond.exclude_controllers' not found, using default value 'false' instead.
2018-06-04 12:05:10,582 INFO o.a.j.r.c.ReportGeneratorConfiguration: Property 'jmeter.reportgenerator.graph.responseTimePercentiles.exclude_controllers' not found, using default value 'false' instead.
2018-06-04 12:05:10,582 INFO o.a.j.r.c.ReportGeneratorConfiguration: Property 'jmeter.reportgenerator.graph.responseTimePercentilesOverTime.exclude_controllers' not found, using default value 'false' instead.
2018-06-04 12:05:10,582 INFO o.a.j.r.c.ReportGeneratorConfiguration: Property 'jmeter.reportgenerator.graph.responseTimesOverTime.exclude_controllers' not found, using default value 'false' instead.
2018-06-04 12:05:10,582 INFO o.a.j.r.c.ReportGeneratorConfiguration: Property 'jmeter.reportgenerator.graph.connectTimeOverTime.exclude_controllers' not found, using default value 'false' instead.
2018-06-04 12:05:10,582 INFO o.a.j.r.c.ReportGeneratorConfiguration: Property 'jmeter.reportgenerator.graph.latenciesOverTime.exclude_controllers' not found, using default value 'false' instead.
2018-06-04 12:05:10,583 INFO o.a.j.r.c.ReportGeneratorConfiguration: Property 'jmeter.reportgenerator.exporter.html.filters_only_sample_series' not found, using default value 'true' instead.
2018-06-04 12:05:10,583 INFO o.a.j.r.c.ReportGeneratorConfiguration: Property 'jmeter.reportgenerator.exporter.html.series_filter' not found, using default value '' instead.
2018-06-04 12:05:10,583 INFO o.a.j.r.c.ReportGeneratorConfiguration: Property 'jmeter.reportgenerator.exporter.html.show_controllers_only' not found, using default value 'false' instead.
2018-06-04 12:05:10,686 INFO o.a.j.s.SaveService: Testplan (JMX) version: 2.2. Testlog (JTL) version: 2.2
2018-06-04 12:05:10,695 INFO o.a.j.s.SaveService: Using SaveService properties file encoding UTF-8
2018-06-04 12:05:10,698 INFO o.a.j.s.SaveService: Using SaveService properties version 4.0
2018-06-04 12:05:10,748 INFO o.a.j.r.p.NormalizerSampleConsumer: Using format, 'ms', to parse timeStamp field
2018-06-04 14:10:38,200 INFO o.a.j.r.p.AbstractSampleConsumer: class org.apache.jmeter.report.processor.AggregateConsumer#stopProducing(): beginDate produced 0 samples
2018-06-04 14:10:38,215 INFO o.a.j.r.p.AbstractSampleConsumer: class org.apache.jmeter.report.processor.AggregateConsumer#stopProducing(): endDate produced 0 samples
2018-06-04 14:10:38,218 INFO o.a.j.r.p.AbstractSampleConsumer: class org.apache.jmeter.report.processor.ApdexSummaryConsumer#stopProducing(): apdexSummary produced 0 samples
2018-06-04 14:10:38,218 INFO o.a.j.r.p.AbstractSampleConsumer: class org.apache.jmeter.report.processor.RequestsSummaryConsumer#stopProducing(): requestsSummary produced 0 samples
2018-06-04 14:10:38,234 INFO o.a.j.r.p.AbstractSampleConsumer: class org.apache.jmeter.report.processor.StatisticsSummaryConsumer#stopProducing(): statisticsSummary produced 0 samples
2018-06-04 14:10:38,240 INFO o.a.j.r.p.AbstractSampleConsumer: class org.apache.jmeter.report.processor.Top5ErrorsBySamplerConsumer#stopProducing(): top5ErrorsBySampler produced 0 samples
2018-06-04 14:10:38,240 INFO o.a.j.r.p.AbstractSampleConsumer: class org.apache.jmeter.report.processor.ErrorsSummaryConsumer#stopProducing(): errorsSummary produced 0 samples
2018-06-04 14:10:38,240 INFO o.a.j.r.p.AbstractSampleConsumer: class org.apache.jmeter.report.processor.graph.impl.HitsPerSecondGraphConsumer#stopProducing(): hitsPerSecond produced 0 samples
2018-06-04 14:23:44,398 INFO o.a.j.r.p.AbstractSampleConsumer: class org.apache.jmeter.report.processor.graph.impl.LatencyVSRequestGraphConsumer#stopProducing(): latencyVsRequest produced 0 samples
2018-06-04 14:23:44,573 INFO o.a.j.r.p.AbstractSampleConsumer: class org.apache.jmeter.report.processor.graph.impl.SyntheticResponseTimeDistributionGraphConsumer#stopProducing(): syntheticResponseTimeDistribution produced 0 samples
2018-06-04 14:23:44,574 INFO o.a.j.r.p.AbstractSampleConsumer: class org.apache.jmeter.report.processor.graph.impl.BytesThroughputGraphConsumer#stopProducing(): bytesThroughputOverTime produced 0 samples
2018-06-04 14:23:44,575 INFO o.a.j.r.p.AbstractSampleConsumer: class org.apache.jmeter.report.processor.graph.impl.CodesPerSecondGraphConsumer#stopProducing(): codesPerSecond produced 0 samples
2018-06-04 14:38:08,868 INFO o.a.j.r.p.AbstractSampleConsumer: class org.apache.jmeter.report.processor.graph.impl.ResponseTimeVSRequestGraphConsumer#stopProducing(): responseTimeVsRequest produced 0 samples
2018-06-04 14:38:09,092 INFO o.a.j.r.p.AbstractSampleConsumer: class org.apache.jmeter.report.processor.FilterConsumer#stopProducing(): startIntervalControlerFilter produced 2258258849 samples
2018-06-04 14:38:09,092 INFO o.a.j.r.p.AbstractSampleConsumer: class org.apache.jmeter.report.processor.graph.impl.ActiveThreadsGraphConsumer#stopProducing(): activeThreadsOverTime produced 0 samples
2018-06-04 14:38:09,093 INFO o.a.j.r.p.AbstractSampleConsumer: class org.apache.jmeter.report.processor.graph.impl.TimeVSThreadGraphConsumer#stopProducing(): timeVsThreads produced 0 samples
2018-06-04 14:38:09,093 INFO o.a.j.r.p.AbstractSampleConsumer: class org.apache.jmeter.report.processor.graph.impl.ResponseTimeDistributionGraphConsumer#stopProducing(): responseTimeDistribution produced 0 samples
2018-06-04 14:38:09,093 INFO o.a.j.r.p.AbstractSampleConsumer: class org.apache.jmeter.report.processor.graph.impl.TransactionsPerSecondGraphConsumer#stopProducing(): transactionsPerSecond produced 0 samples
2018-06-04 14:38:09,094 INFO o.a.j.r.p.AbstractSampleConsumer: class org.apache.jmeter.report.processor.graph.impl.ResponseTimePercentilesGraphConsumer#stopProducing(): responseTimePercentiles produced 0 samples
2018-06-04 14:38:09,104 INFO o.a.j.r.p.AbstractSampleConsumer: class org.apache.jmeter.report.processor.graph.impl.ResponseTimePercentilesOverTimeGraphConsumer#stopProducing(): responseTimePercentilesOverTime produced 0 samples
2018-06-04 14:38:09,457 INFO o.a.j.r.p.AbstractSampleConsumer: class org.apache.jmeter.report.processor.graph.impl.ResponseTimeOverTimeGraphConsumer#stopProducing(): responseTimesOverTime produced 0 samples
2018-06-04 14:38:09,457 INFO o.a.j.r.p.AbstractSampleConsumer: class org.apache.jmeter.report.processor.graph.impl.ConnectTimeOverTimeGraphConsumer#stopProducing(): connectTimeOverTime produced 0 samples
2018-06-04 14:38:09,457 INFO o.a.j.r.p.AbstractSampleConsumer: class org.apache.jmeter.report.processor.graph.impl.LatencyOverTimeGraphConsumer#stopProducing(): latenciesOverTime produced 0 samples
2018-06-04 14:38:09,457 INFO o.a.j.r.p.AbstractSampleConsumer: class org.apache.jmeter.report.processor.FilterConsumer#stopProducing(): nameFilter produced 4516517698 samples
2018-06-04 14:38:09,458 INFO o.a.j.r.p.AbstractSampleConsumer: class org.apache.jmeter.report.processor.FilterConsumer#stopProducing(): dateRangeFilter produced 967825221 samples
2018-06-04 14:38:09,458 INFO o.a.j.r.p.AbstractSampleConsumer: class org.apache.jmeter.report.processor.NormalizerSampleConsumer#stopProducing(): normalizer produced 322608407 samples
2018-06-04 14:38:09,458 INFO o.a.j.r.p.CsvFileSampleSource: produce(): 322608407 samples produced in 2h 32m 58s 690 ms on channel 0
2018-06-04 14:38:09,458 INFO o.a.j.r.d.ReportGenerator: Exporting data using exporter:'html' of className:'org.apache.jmeter.report.dashboard.HtmlTemplateExporter'
2018-06-04 14:38:09,460 INFO o.a.j.r.d.HtmlTemplateExporter: Will generate dashboard in folder: /home/wso2/pasindu/apache-jmeter-4.0/bin/dashboards/18000_seconds
2018-06-04 14:38:09,582 INFO o.a.j.r.d.HtmlTemplateExporter: Report will be generated in: /home/wso2/pasindu/apache-jmeter-4.0/bin/dashboards/18000_seconds, creating folder structure
